<?xml version="1.0" encoding="UTF-8" ?>
<testsuite failures="0" time="8.197" errors="0" skipped="0" tests="3" name="org.mule.example.jersey.test.JerseyLdapTestCase">
  <properties>
[...]
</properties>
  <testcase time="4.815" classname="org.mule.example.jersey.test.JerseyLdapTestCase" name="testGoodAuthenticationBadAuthorisation"/>
  <testcase time="1.303" classname="org.mule.example.jersey.test.JerseyLdapTestCase" name="testGoodAuthenticationGoodAuthorisation"/>
  <testcase time="2.062" classname="org.mule.example.jersey.test.JerseyLdapTestCase" name="testBadAuthenticationBadAuthorisation"/>
</testsuite>